<?xml version="1.0" encoding="UTF-8"?>
<testsuites>
  <testsuite name="UserService" tests="5" failures="1" errors="0" skipped="0" time="2.341">
    <testcase classname="UserService" name="testCreateUser" time="0.523"/>
    <testcase classname="UserService" name="testUpdateUser" time="0.234">
      <failure type="AssertionError" message="User not updated correctly">
        Expected &lt;John Doe&gt; but was &lt;John&gt;
      </failure>
    </testcase>
    <testcase classname="UserService" name="testDeleteUser" time="0.154"/>
    <testcase classname="UserService" name="testGetUserByEmail" time="0.892"/>
    <testcase classname="UserService" name="testValidateEmail" time="0.538"/>
  </testsuite>

  <testsuite name="AuthController" tests="4" failures="0" errors="0" skipped="0" time="1.823">
    <testcase classname="AuthController" name="testLogin" time="0.512"/>
    <testcase classname="AuthController" name="testLogout" time="0.234"/>
    <testcase classname="AuthController" name="testRefreshToken" time="0.678"/>
    <testcase classname="AuthController" name="testPermissionDenied" time="0.399"/>
  </testsuite>

  <testsuite name="DatabaseService" tests="6" failures="2" errors="1" skipped="1" time="3.921">
    <testcase classname="DatabaseService" name="testConnection" time="0.523"/>
    <testcase classname="DatabaseService" name="testQuery" time="1.234"/>
    <testcase classname="DatabaseService" name="testTransactionCommit" time="0.789">
      <failure type="TimeoutException" message="Transaction took too long">
        Timeout after 5000ms waiting for transaction to commit
      </failure>
    </testcase>
    <testcase classname="DatabaseService" name="testTransactionRollback" time="0.456">
      <error type="SQLException" message="Connection lost">
        Connection to database was lost during rollback
      </error>
    </testcase>
    <testcase classname="DatabaseService" name="testPooling" time="0.234"/>
    <testcase classname="DatabaseService" name="testMigration">
      <skipped/>
    </testcase>
  </testsuite>
</testsuites>
